<?xml version="1.0" encoding="UTF-8"?>
<!-- Generated by org.testng.reporters.JUnitReportReporter -->
<testsuite hostname="VIXEST8" name="com.stta.SuiteOne.SuiteOneCaseOne" tests="2" failures="0" timestamp="15 Jun 2015 18:03:12 GMT" time="37.831" errors="0">
  <testcase name="SuiteOneCaseOneTest" time="2.997" classname="com.stta.SuiteOne.SuiteOneCaseOne"/>
  <testcase name="SuiteOneCaseOneTest" time="34.834" classname="com.stta.SuiteOne.SuiteOneCaseOne"/>
</testsuite> <!-- com.stta.SuiteOne.SuiteOneCaseOne -->
